SpeechBrain system description
==============================
Python version:
3.11.3 (main, Apr  5 2023, 15:52:25) [GCC 12.2.1 20230201]
==============================
Installed Python packages:
altair==5.0.1
appdirs==1.4.4
attrs==23.1.0
audioread==3.0.0
beautifulsoup4==4.12.2
blinker==1.6.2
cachetools==5.3.1
certifi==2023.5.7
cffi==1.15.1
charset-normalizer==3.1.0
click==8.1.4
cmake==3.26.4
contourpy==1.1.0
cycler==0.11.0
decorator==5.1.1
filelock==3.12.0
fonttools==4.40.0
fsspec==2023.6.0
gdown==4.7.1
gitdb==4.0.10
GitPython==3.1.32
huggingface-hub==0.15.1
HyperPyYAML==1.2.1
idna==3.4
importlib-metadata==6.8.0
Jinja2==3.1.2
joblib==1.2.0
jsonlines==3.1.0
jsonschema==4.18.2
jsonschema-specifications==2023.6.1
kaggle==1.5.13
kiwisolver==1.4.4
lazy_loader==0.2
librosa==0.10.0.post2
lit==16.0.6
llvmlite==0.40.1rc1
markdown-it-py==3.0.0
MarkupSafe==2.1.3
matplotlib==3.7.2
mdurl==0.1.2
mpmath==1.3.0
msgpack==1.0.5
networkx==3.1
numba==0.57.0
numpy==1.23.5
nvidia-cublas-cu11==11.10.3.66
nvidia-cuda-cupti-cu11==11.7.101
nvidia-cuda-nvrtc-cu11==11.7.99
nvidia-cuda-runtime-cu11==11.7.99
nvidia-cudnn-cu11==8.5.0.96
nvidia-cufft-cu11==10.9.0.58
nvidia-curand-cu11==10.2.10.91
nvidia-cusolver-cu11==11.4.0.1
nvidia-cusparse-cu11==11.7.4.91
nvidia-nccl-cu11==2.14.3
nvidia-nvtx-cu11==11.7.91
packaging==23.1
pandas==2.0.2
Pillow==9.5.0
pooch==1.6.0
protobuf==4.23.4
pyarrow==12.0.1
pycparser==2.21
pydeck==0.8.1b0
Pygments==2.15.1
Pympler==1.0.1
pyparsing==3.0.9
PySocks==1.7.1
python-dateutil==2.8.2
python-slugify==8.0.1
pytz==2023.3
pytz-deprecation-shim==0.1.0.post0
PyYAML==6.0
referencing==0.29.1
regex==2023.6.3
requests==2.31.0
rich==13.4.2
rpds-py==0.8.10
ruamel.yaml==0.17.28
ruamel.yaml.clib==0.2.7
safetensors==0.3.1
scikit-learn==1.2.2
scipy==1.10.1
sentencepiece==0.1.99
six==1.16.0
sklearn==0.0.post5
smmap==5.0.0
soundfile==0.12.1
soupsieve==2.4.1
soxr==0.3.5
speechbrain==0.5.14
streamlit==1.24.1
sympy==1.12
tenacity==8.2.2
text-unidecode==1.3
threadpoolctl==3.1.0
tokenizers==0.13.3
toml==0.10.2
toolz==0.12.0
torch==2.0.1
torchaudio==2.0.2
tornado==6.3.2
tqdm==4.65.0
transformers==4.30.2
triton==2.0.0
typing_extensions==4.6.3
tzdata==2023.3
tzlocal==4.3.1
urllib3==2.0.2
validators==0.20.0
watchdog==3.0.0
zipp==3.16.0
==============================
Git revision:
516f6e0
==============================
CUDA not available